0 silly argv { _: [ 'version' ], lernaVersion: '3.17.0', '$0': 'lerna' }
1 notice cli v3.17.0
2 verbose rootPath /Users/liping/about_CFX_Work/conflux-chain-dapp-js
3 info current version 0.0.4-alpha.0
4 silly isAnythingCommitted
5 verbose isAnythingCommitted 1
6 silly currentBranch
7 verbose currentBranch refactor
8 silly remoteBranchExists
9 silly isBehindUpstream
10 silly isBehindUpstream refactor is behind origin/refactor by 0 commit(s) and ahead by 2
11 silly hasTags
12 verbose hasTags true
13 silly git-describe.sync "v0.0.4-alpha.0-2-gac8b364" => {"lastTagName":"v0.0.4-alpha.0","lastVersion":"v0.0.4-alpha.0","refCount":"2","sha":"ac8b364","isDirty":false}
14 info Looking for changed packages since v0.0.4-alpha.0
15 silly checking diff packages/conffle-config
16 silly no diff found in conffle-config
17 silly checking diff packages/conffle-lib
18 silly no diff found in conffle-lib
19 silly checking diff packages/conffle-logger
20 silly no diff found in conffle-logger
21 silly checking diff packages/conffle-utils
22 silly no diff found in conffle-utils
23 silly checking diff packages/conffle
24 silly found diff in packages/conffle/commands.js
24 silly found diff in packages/conffle/conffle.js
24 silly found diff in packages/conffle/test/test.js
25 verbose filtered diff [ 'packages/conffle/commands.js',
25 verbose filtered diff   'packages/conffle/conffle.js',
25 verbose filtered diff   'packages/conffle/test/test.js' ]
26 verbose updated conffle
27 info version rooted leaf detected, skipping synthetic root lifecycles
28 verbose git-describe undefined => "v0.0.4-alpha.0-2-gac8b364"
29 silly git-describe parsed => {"lastTagName":"v0.0.4-alpha.0","lastVersion":"v0.0.4-alpha.0","refCount":"2","sha":"ac8b364","isDirty":false}
30 info execute Skipping releases
31 silly lifecycle No script for "preversion" in "conffle", continuing
32 silly lifecycle No script for "version" in "conffle", continuing
33 silly gitAdd [ '/Users/liping/about_CFX_Work/conflux-chain-dapp-js/packages/conffle/package.json',
33 silly gitAdd   '/Users/liping/about_CFX_Work/conflux-chain-dapp-js/lerna.json' ]
34 silly gitCommit v0.0.5-alpha.0
35 verbose git [ 'commit', '-m', 'v0.0.5-alpha.0' ]
36 silly gitTag v0.0.5-alpha.0
37 verbose git [ 'tag', 'v0.0.5-alpha.0', '-m', 'v0.0.5-alpha.0' ]
38 silly lifecycle No script for "postversion" in "conffle", continuing
39 info git Pushing tags...
40 silly gitPush origin refactor
41 error Error: Command failed: git push --follow-tags --no-verify origin refactor
41 error ssh_dispatch_run_fatal: Connection to 52.74.223.119 port 22: Operation timed out
41 error fatal: Could not read from remote repository.
41 error
41 error Please make sure you have the correct access rights
41 error and the repository exists.
41 error
41 error     at makeError (/Users/liping/about_CFX_Work/conflux-chain-dapp-js/node_modules/execa/index.js:174:9)
41 error     at Promise.all.then.arr (/Users/liping/about_CFX_Work/conflux-chain-dapp-js/node_modules/execa/index.js:278:16)
