2020-03-24T11:34:05.186812+08:00 INFO  main                 network::thr - throttling.initialize: min = 10M, max = 64M, cap = 256M
2020-03-24T11:34:05.187261+08:00 INFO  main                 conflux      - Starting full client...
2020-03-24T11:34:05.188274+08:00 INFO  main                 client::arch - Working directory: Ok("/Users/liping/about_CFX_Work/about_confluxjs/about_ganache-client/ganache/conflux-chain-release")
2020-03-24T11:34:05.328133+08:00 INFO  main                 db::impls    - Open db successfully ("./blockchain_db")
2020-03-24T11:34:05.331036+08:00 DEBUG main                 cfxcore::sto - Storage conf StorageConfiguration { cache_start_size: 200000, cache_size: 200000, idle_size: 200000, node_map_size: 200000, recent_lfu_factor: 4.0 }
2020-03-24T11:34:05.377194+08:00 TRACE main                 cfxcore::sta - set key=[179, 209, 101, 61, 2, 169, 140, 75, 51, 12, 182, 24, 251, 228, 86, 129, 172, 108, 83, 213, 164, 4, 117, 247, 82, 107, 172, 31, 231, 89, 15, 184] value=[248, 70, 148, 251, 228, 86, 129, 172, 108, 83, 213, 164, 4, 117, 247, 82, 107, 172, 31, 231, 89, 15, 184, 142, 246, 132, 223, 86, 195, 224, 27, 198, 199, 50, 0, 0, 0, 0, 128, 160, 197, 210, 70, 1, 134, 247, 35, 60, 146, 126, 125, 178, 220, 199, 3, 192, 229, 0, 182, 83, 202, 130, 39, 59, 123, 250, 216, 4, 93, 133, 164, 112]
2020-03-24T11:34:05.380002+08:00 TRACE main                 cfxcore::sta - set key=[191, 145, 100, 58, 113, 241, 239, 245, 78, 157, 75, 190, 14, 118, 141, 18, 57, 92, 138, 191, 222, 223, 123, 26, 235, 13, 209, 210, 125, 94, 42, 127] value=[248, 70, 148, 14, 118, 141, 18, 57, 92, 138, 191, 222, 223, 123, 26, 235, 13, 209, 210, 125, 94, 42, 127, 142, 246, 132, 223, 86, 195, 224, 27, 198, 199, 50, 0, 0, 0, 0, 128, 160, 197, 210, 70, 1, 134, 247, 35, 60, 146, 126, 125, 178, 220, 199, 3, 192, 229, 0, 182, 83, 202, 130, 39, 59, 123, 250, 216, 4, 93, 133, 164, 112]
2020-03-24T11:34:05.381015+08:00 DEBUG main                 cfxcore::sto - Genesis Block:Block { block_header: BlockHeader { rlp_part: BlockHeaderRlpPart { parent_hash: 0x0000000000000000000000000000000000000000000000000000000000000000, height: 0, timestamp: 0, author: 0x000000000000000000000000000000000000000d, transactions_root: 0x1dcc4de8dec75d7aab85b567b6ccd41ad312451b948a7413f0a142fd40d49347, deferred_state_root: 0x0c39492aa99d81ef66ac181639b786c029c497c24c087d28fcfe270e0931b6a0, deferred_receipts_root: 0x1dcc4de8dec75d7aab85b567b6ccd41ad312451b948a7413f0a142fd40d49347, deferred_logs_bloom_hash: 0xd397b3b043d87fcd6fad1291ff0bfd16401c274896d8c63a923727f077b8e0b5, blame: 0, difficulty: 0, adaptive: false, gas_limit: 3000000000, referee_hashes: [], nonce: 0 }, hash: Some(0x2da120ad267319c181b12136f9e36be9fba59e0d818f6cc789f04ee937b4f593), pow_quality: 0, approximated_rlp_size: 304, state_root_with_aux_info: StateRootWithAuxInfo { state_root: StateRoot { snapshot_root: 0xc5d2460186f7233c927e7db2dcc703c0e500b653ca82273b7bfad8045d85a470, intermediate_delta_root: 0xc5d2460186f7233c927e7db2dcc703c0e500b653ca82273b7bfad8045d85a470, delta_root: 0x5a79b0adf83ff7ea83c7862e825e1ad64af0c4492a4e0f7a48610cb130fbfb14 }, aux_info: StateRootAuxInfo { previous_snapshot_root: 0xc5d2460186f7233c927e7db2dcc703c0e500b653ca82273b7bfad8045d85a470, intermediate_delta_epoch_id: 0xc5d2460186f7233c927e7db2dcc703c0e500b653ca82273b7bfad8045d85a470 } } }, transactions: [], approximated_rlp_size: 304, approximated_rlp_size_with_public: 304 } hash=0x2da120ad267319c181b12136f9e36be9fba59e0d818f6cc789f04ee937b4f593
2020-03-24T11:34:05.383191+08:00 INFO  main                 cfxcore::sto - State root committed for epoch 0x2da120ad267319c181b12136f9e36be9fba59e0d818f6cc789f04ee937b4f593
2020-03-24T11:34:05.383806+08:00 DEBUG main                 client::arch - Initialize genesis_block=Block { block_header: BlockHeader { rlp_part: BlockHeaderRlpPart { parent_hash: 0x0000000000000000000000000000000000000000000000000000000000000000, height: 0, timestamp: 0, author: 0x000000000000000000000000000000000000000d, transactions_root: 0x1dcc4de8dec75d7aab85b567b6ccd41ad312451b948a7413f0a142fd40d49347, deferred_state_root: 0x0c39492aa99d81ef66ac181639b786c029c497c24c087d28fcfe270e0931b6a0, deferred_receipts_root: 0x1dcc4de8dec75d7aab85b567b6ccd41ad312451b948a7413f0a142fd40d49347, deferred_logs_bloom_hash: 0xd397b3b043d87fcd6fad1291ff0bfd16401c274896d8c63a923727f077b8e0b5, blame: 0, difficulty: 0, adaptive: false, gas_limit: 3000000000, referee_hashes: [], nonce: 0 }, hash: Some(0x2da120ad267319c181b12136f9e36be9fba59e0d818f6cc789f04ee937b4f593), pow_quality: 0, approximated_rlp_size: 304, state_root_with_aux_info: StateRootWithAuxInfo { state_root: StateRoot { snapshot_root: 0xc5d2460186f7233c927e7db2dcc703c0e500b653ca82273b7bfad8045d85a470, intermediate_delta_root: 0xc5d2460186f7233c927e7db2dcc703c0e500b653ca82273b7bfad8045d85a470, delta_root: 0x5a79b0adf83ff7ea83c7862e825e1ad64af0c4492a4e0f7a48610cb130fbfb14 }, aux_info: StateRootAuxInfo { previous_snapshot_root: 0xc5d2460186f7233c927e7db2dcc703c0e500b653ca82273b7bfad8045d85a470, intermediate_delta_epoch_id: 0xc5d2460186f7233c927e7db2dcc703c0e500b653ca82273b7bfad8045d85a470 } } }, transactions: [], approximated_rlp_size: 304, approximated_rlp_size_with_public: 304 }
2020-03-24T11:34:05.397938+08:00 DEBUG main                 cfxcore::con - Block 0x2da1…f593 inserted into Consensus with index=0 past_weight=0
2020-03-24T11:34:05.398601+08:00 INFO  main                 cfxcore::con - No execution info for cur_era_genesis in db!
2020-03-24T11:34:05.401220+08:00 DEBUG Consensus Execution  cfxcore::con - No optimistic tasks to execute, block for new tasks
2020-03-24T11:34:05.401974+08:00 DEBUG main                 cfxcore::syn - genesis_block_index in sync graph: 0
2020-03-24T11:34:05.404259+08:00 DEBUG main                 network::ser - failed to open key file: Os { code: 2, kind: NotFound, message: "No such file or directory" }
2020-03-24T11:34:05.405093+08:00 DEBUG main                 network::ser - Self node id: 0x1c589e1d20a26bfb2125e8ce8e5b8c5d01dea6f62f1725f8a17ad82afd54947f06611e7c078cbae7408925c9b6e27d9598348aa2e720d0b9b09a0b2ee0ca4230
2020-03-24T11:34:05.405481+08:00 DEBUG main                 network::ser - Listening at V4(0.0.0.0:14629)
2020-03-24T11:34:10.376611+08:00 DEBUG unnamed              cfxcore::sto - node_ref_map.old_nodes_map: #elements: 0
2020-03-24T11:34:10.376708+08:00 DEBUG unnamed              cfxcore::sto - trie node cache lru: capacity 200000, size 3
2020-03-24T11:34:10.376758+08:00 DEBUG unnamed              cfxcore::sto - trie node allocator: max allowed size: 400000, configured idle_size: 200000, size: 400000, allocated: 3
2020-03-24T11:34:10.376837+08:00 DEBUG unnamed              cfxcore::sto - number of nodes loaded from db 0
2020-03-24T11:34:10.376961+08:00 DEBUG unnamed              cfxcore::sto - number of uncached leaf node loads 0
2020-03-24T11:34:10.377041+08:00 DEBUG unnamed              cfxcore::sto - number of db loads for uncached leaf nodes 0
2020-03-24T11:34:10.377112+08:00 DEBUG unnamed              cfxcore::sto - number of db loads for merkle computation 0
2020-03-24T11:34:10.377180+08:00 DEBUG unnamed              cfxcore::sto - number of db loads for children merkles 0
2020-03-24T11:34:10.377308+08:00 INFO  unnamed              cfxcore::sto - number of nodes committed to db 3
2020-03-24T11:34:10.412381+08:00 DEBUG main                 network::ip_ - Gateway search error: IO error: Resource temporarily unavailable (os error 35)
2020-03-24T11:34:10.412624+08:00 DEBUG main                 network::nod - node table file not found: Os { code: 2, kind: NotFound, message: "No such file or directory" }
2020-03-24T11:34:10.412739+08:00 DEBUG main                 network::nod - node table file not found: Os { code: 2, kind: NotFound, message: "No such file or directory" }
2020-03-24T11:34:10.412849+08:00 DEBUG main                 network::nod - node table file not found: Os { code: 2, kind: NotFound, message: "No such file or directory" }
2020-03-24T11:34:10.417721+08:00 DEBUG main                 txgen        - Special Transaction Generator: erc20 contract address: 0xe2182fba747b5706a516d6cf6bf62d6117ef86ea
1585020851189, metrics_report_time, Gauge, 106067
1585020851189, timer, Group, {service_mio::network_poll_thread.count: 13366, service_mio::network_poll_thread.m1: 0.00, service_mio::network_poll_thread.m5: 0.00, service_mio::network_poll_thread.m15: 0.00, service_mio::network_poll_thread.mean: 21530422.23}
2020-03-24T11:34:11.421735+08:00 TRACE IO Worker #2         cfxcore::syn - Timeout: timer=3
2020-03-24T11:34:11.421864+08:00 TRACE IO Worker #3         cfxcore::syn - Timeout: timer=7
2020-03-24T11:34:11.421930+08:00 TRACE IO Worker #0         cfxcore::syn - Timeout: timer=1
2020-03-24T11:34:11.422112+08:00 INFO  IO Worker #2         cfxcore::syn - start phase "CatchUpRecoverBlockFromDbPhase"
2020-03-24T11:34:11.422425+08:00 DEBUG IO Worker #0         cfxcore::syn - resend_timeout_requests: start
2020-03-24T11:34:11.422783+08:00 DEBUG IO Worker #0         cfxcore::syn - resend_waiting_requests: start
2020-03-24T11:34:11.422871+08:00 DEBUG IO Worker #2         cfxcore::con - Block 0x2da1…f593 inserted into Consensus with index=0 past_weight=0
2020-03-24T11:34:11.423286+08:00 INFO  IO Worker #2         cfxcore::con - No execution info for cur_era_genesis in db!
2020-03-24T11:34:11.424226+08:00 DEBUG IO Worker #1         network::ser - Connecting peers: 0 sessions, 0 pending + 0 started
2020-03-24T11:34:11.424305+08:00 DEBUG IO Worker #2         cfxcore::syn - genesis_block_index in sync graph: 0
2020-03-24T11:34:11.424777+08:00 INFO  IO Worker #2         cfxcore::syn - Catch-up mode: true, latest epoch: 0
2020-03-24T11:34:11.425117+08:00 INFO  recover_blocks       cfxcore::syn - Start fast recovery of the block DAG from database
2020-03-24T11:34:11.425572+08:00 DEBUG recover_blocks       cfxcore::syn - Get current genesis_block hash=0x2da120ad267319c181b12136f9e36be9fba59e0d818f6cc789f04ee937b4f593, seq_num=0
2020-03-24T11:34:11.428101+08:00 INFO  recover_blocks       cfxcore::syn - finish recover block graph from db
2020-03-24T11:34:11.726930+08:00 TRACE IO Worker #3         cfxcore::syn - Timeout: timer=0
2020-03-24T11:34:12.428673+08:00 TRACE IO Worker #1         cfxcore::syn - Timeout: timer=1
2020-03-24T11:34:12.428785+08:00 TRACE IO Worker #2         cfxcore::syn - Timeout: timer=3
2020-03-24T11:34:12.428912+08:00 TRACE IO Worker #3         cfxcore::syn - Timeout: timer=7
2020-03-24T11:34:12.428989+08:00 DEBUG IO Worker #0         network::ser - Connecting peers: 0 sessions, 0 pending + 0 started
2020-03-24T11:34:12.429088+08:00 DEBUG IO Worker #1         cfxcore::syn - resend_timeout_requests: start
2020-03-24T11:34:12.429374+08:00 INFO  IO Worker #2         cfxcore::syn - start phase "CatchUpSyncBlockPhase"
2020-03-24T11:34:12.429456+08:00 DEBUG IO Worker #1         cfxcore::syn - resend_waiting_requests: start
2020-03-24T11:34:12.429609+08:00 INFO  IO Worker #2         cfxcore::syn - Catch-up mode: true, latest epoch: 0
2020-03-24T11:34:13.028906+08:00 TRACE IO Worker #0         cfxcore::syn - Timeout: timer=0
2020-03-24T11:34:13.430768+08:00 TRACE IO Worker #1         cfxcore::syn - Timeout: timer=7
2020-03-24T11:34:13.430977+08:00 TRACE IO Worker #0         cfxcore::syn - Timeout: timer=1
2020-03-24T11:34:13.431073+08:00 TRACE IO Worker #3         cfxcore::syn - Timeout: timer=3
2020-03-24T11:34:13.431538+08:00 DEBUG IO Worker #2         network::ser - Connecting peers: 0 sessions, 0 pending + 0 started
2020-03-24T11:34:13.431631+08:00 DEBUG IO Worker #0         cfxcore::syn - resend_timeout_requests: start
2020-03-24T11:34:13.431718+08:00 DEBUG IO Worker #0         cfxcore::syn - resend_waiting_requests: start
2020-03-24T11:34:13.433616+08:00 INFO  IO Worker #3         cfxcore::syn - Catch-up mode: true, latest epoch: 0
1585020854194, metrics_report_time, Gauge, 190690
1585020854194, timer, Group, {service_mio::network_poll_thread.count: 13366, service_mio::network_poll_thread.m1: 0.00, service_mio::network_poll_thread.m5: 0.00, service_mio::network_poll_thread.m15: 0.00, service_mio::network_poll_thread.mean: 21530422.23}
2020-03-24T11:34:14.334431+08:00 TRACE IO Worker #1         cfxcore::syn - Timeout: timer=0
2020-03-24T11:34:14.439237+08:00 TRACE IO Worker #0         cfxcore::syn - Timeout: timer=1
2020-03-24T11:34:14.439422+08:00 TRACE IO Worker #3         cfxcore::syn - Timeout: timer=3
2020-03-24T11:34:14.439499+08:00 DEBUG IO Worker #2         network::ser - Connecting peers: 0 sessions, 0 pending + 0 started
2020-03-24T11:34:14.439602+08:00 TRACE IO Worker #1         cfxcore::syn - Timeout: timer=7
2020-03-24T11:34:14.439676+08:00 DEBUG IO Worker #0         cfxcore::syn - resend_timeout_requests: start
2020-03-24T11:34:14.439842+08:00 INFO  IO Worker #3         cfxcore::syn - Catch-up mode: true, latest epoch: 0
2020-03-24T11:34:14.440036+08:00 DEBUG IO Worker #0         cfxcore::syn - resend_waiting_requests: start
2020-03-24T11:34:15.381543+08:00 DEBUG unnamed              cfxcore::sto - node_ref_map.old_nodes_map: #elements: 0
2020-03-24T11:34:15.381653+08:00 DEBUG unnamed              cfxcore::sto - trie node cache lru: capacity 200000, size 3
2020-03-24T11:34:15.381740+08:00 DEBUG unnamed              cfxcore::sto - trie node allocator: max allowed size: 400000, configured idle_size: 200000, size: 400000, allocated: 3
2020-03-24T11:34:15.381824+08:00 DEBUG unnamed              cfxcore::sto - number of nodes loaded from db 0
2020-03-24T11:34:15.381896+08:00 DEBUG unnamed              cfxcore::sto - number of uncached leaf node loads 0
2020-03-24T11:34:15.382174+08:00 DEBUG unnamed              cfxcore::sto - number of db loads for uncached leaf nodes 0
2020-03-24T11:34:15.382371+08:00 DEBUG unnamed              cfxcore::sto - number of db loads for merkle computation 0
2020-03-24T11:34:15.382462+08:00 DEBUG unnamed              cfxcore::sto - number of db loads for children merkles 0
2020-03-24T11:34:15.382535+08:00 INFO  unnamed              cfxcore::sto - number of nodes committed to db 3
2020-03-24T11:34:15.439300+08:00 TRACE IO Worker #2         cfxcore::syn - Timeout: timer=7
2020-03-24T11:34:15.439381+08:00 TRACE IO Worker #3         cfxcore::syn - Timeout: timer=3
2020-03-24T11:34:15.439420+08:00 TRACE IO Worker #0         cfxcore::syn - Timeout: timer=1
2020-03-24T11:34:15.439492+08:00 DEBUG IO Worker #1         network::ser - Connecting peers: 0 sessions, 0 pending + 0 started
2020-03-24T11:34:15.439533+08:00 TRACE IO Worker #2         cfxcore::syn - Timeout: timer=4
2020-03-24T11:34:15.439566+08:00 DEBUG IO Worker #0         cfxcore::syn - resend_timeout_requests: start
2020-03-24T11:34:15.439644+08:00 INFO  IO Worker #3         cfxcore::syn - Catch-up mode: true, latest epoch: 0
2020-03-24T11:34:15.439688+08:00 TRACE IO Worker #1         cfxcore::syn - Timeout: timer=2
2020-03-24T11:34:15.439772+08:00 INFO  IO Worker #2         cfxcore::sta - Statistics: StatisticsInner { sync_graph: SyncGraphStatistics { inserted_block_count: 1 }, consensus_graph: ConsensusGraphStatistics { inserted_block_count: 0, processed_block_count: 0 } }
2020-03-24T11:34:15.439846+08:00 DEBUG IO Worker #0         cfxcore::syn - resend_waiting_requests: start
2020-03-24T11:34:15.441685+08:00 INFO  IO Worker #1         cfxcore::blo - Before gc cache_size=242 1 0 0 0
2020-03-24T11:34:15.641783+08:00 TRACE IO Worker #3         cfxcore::syn - Timeout: timer=0
2020-03-24T11:34:16.442650+08:00 TRACE IO Worker #2         cfxcore::syn - Timeout: timer=1
2020-03-24T11:34:16.442751+08:00 DEBUG IO Worker #0         network::ser - Connecting peers: 0 sessions, 0 pending + 0 started
2020-03-24T11:34:16.442854+08:00 TRACE IO Worker #1         cfxcore::syn - Timeout: timer=3
2020-03-24T11:34:16.442980+08:00 TRACE IO Worker #3         cfxcore::syn - Timeout: timer=7
2020-03-24T11:34:16.443107+08:00 DEBUG IO Worker #2         cfxcore::syn - resend_timeout_requests: start
2020-03-24T11:34:16.443201+08:00 INFO  IO Worker #1         cfxcore::syn - Catch-up mode: true, latest epoch: 0
2020-03-24T11:34:16.443386+08:00 DEBUG IO Worker #2         cfxcore::syn - resend_waiting_requests: start
2020-03-24T11:34:16.945764+08:00 TRACE IO Worker #3         cfxcore::syn - Timeout: timer=0
1585020857195, metrics_report_time, Gauge, 121104
1585020857195, timer, Group, {service_mio::network_poll_thread.count: 13366, service_mio::network_poll_thread.m1: 2673.20, service_mio::network_poll_thread.m5: 2673.20, service_mio::network_poll_thread.m15: 2673.20, service_mio::network_poll_thread.mean: 2672.85}
2020-03-24T11:34:17.446350+08:00 TRACE IO Worker #0         cfxcore::syn - Timeout: timer=7
2020-03-24T11:34:17.446570+08:00 TRACE IO Worker #1         cfxcore::syn - Timeout: timer=3
2020-03-24T11:34:17.447008+08:00 TRACE IO Worker #0         cfxcore::syn - Timeout: timer=1
2020-03-24T11:34:17.447112+08:00 DEBUG IO Worker #2         network::ser - Connecting peers: 0 sessions, 0 pending + 0 started
2020-03-24T11:34:17.447477+08:00 DEBUG IO Worker #0         cfxcore::syn - resend_timeout_requests: start
2020-03-24T11:34:17.447520+08:00 INFO  IO Worker #1         cfxcore::syn - Catch-up mode: true, latest epoch: 0
2020-03-24T11:34:17.447693+08:00 DEBUG IO Worker #0         cfxcore::syn - resend_waiting_requests: start
2020-03-24T11:34:18.248137+08:00 TRACE IO Worker #3         cfxcore::syn - Timeout: timer=0
2020-03-24T11:34:18.450631+08:00 DEBUG IO Worker #2         network::ser - Connecting peers: 0 sessions, 0 pending + 0 started
2020-03-24T11:34:18.450765+08:00 TRACE IO Worker #0         cfxcore::syn - Timeout: timer=1
2020-03-24T11:34:18.450813+08:00 TRACE IO Worker #1         cfxcore::syn - Timeout: timer=3
2020-03-24T11:34:18.451080+08:00 TRACE IO Worker #3         cfxcore::syn - Timeout: timer=7
2020-03-24T11:34:18.451214+08:00 DEBUG IO Worker #0         cfxcore::syn - resend_timeout_requests: start
2020-03-24T11:34:18.451341+08:00 INFO  IO Worker #1         cfxcore::syn - Catch-up mode: true, latest epoch: 0
2020-03-24T11:34:18.451414+08:00 DEBUG IO Worker #0         cfxcore::syn - resend_waiting_requests: start
2020-03-24T11:34:19.455637+08:00 TRACE IO Worker #2         cfxcore::syn - Timeout: timer=7
2020-03-24T11:34:19.455701+08:00 TRACE IO Worker #3         cfxcore::syn - Timeout: timer=3
2020-03-24T11:34:19.455737+08:00 TRACE IO Worker #1         cfxcore::syn - Timeout: timer=1
2020-03-24T11:34:19.455773+08:00 DEBUG IO Worker #0         network::ser - Connecting peers: 0 sessions, 0 pending + 0 started
2020-03-24T11:34:19.455806+08:00 INFO  IO Worker #3         cfxcore::syn - Catch-up mode: true, latest epoch: 0
2020-03-24T11:34:19.455838+08:00 TRACE IO Worker #2         cfxcore::syn - Timeout: timer=0
2020-03-24T11:34:19.455900+08:00 DEBUG IO Worker #1         cfxcore::syn - resend_timeout_requests: start
2020-03-24T11:34:19.455960+08:00 DEBUG IO Worker #1         cfxcore::syn - resend_waiting_requests: start
1585020860200, metrics_report_time, Gauge, 463499
1585020860200, timer, Group, {service_mio::network_poll_thread.count: 13366, service_mio::network_poll_thread.m1: 2673.20, service_mio::network_poll_thread.m5: 2673.20, service_mio::network_poll_thread.m15: 2673.20, service_mio::network_poll_thread.mean: 2672.85}
2020-03-24T11:34:20.356765+08:00 TRACE IO Worker #2         cfxcore::syn - Timeout: timer=2
2020-03-24T11:34:20.356857+08:00 TRACE IO Worker #0         cfxcore::syn - Timeout: timer=4
2020-03-24T11:34:20.356925+08:00 INFO  IO Worker #2         cfxcore::blo - Before gc cache_size=242 1 0 0 0
2020-03-24T11:34:20.357036+08:00 INFO  IO Worker #0         cfxcore::sta - Statistics: StatisticsInner { sync_graph: SyncGraphStatistics { inserted_block_count: 1 }, consensus_graph: ConsensusGraphStatistics { inserted_block_count: 0, processed_block_count: 0 } }
2020-03-24T11:34:20.387463+08:00 DEBUG unnamed              cfxcore::sto - node_ref_map.old_nodes_map: #elements: 0
2020-03-24T11:34:20.387572+08:00 DEBUG unnamed              cfxcore::sto - trie node cache lru: capacity 200000, size 3
2020-03-24T11:34:20.387867+08:00 DEBUG unnamed              cfxcore::sto - trie node allocator: max allowed size: 400000, configured idle_size: 200000, size: 400000, allocated: 3
2020-03-24T11:34:20.388156+08:00 DEBUG unnamed              cfxcore::sto - number of nodes loaded from db 0
2020-03-24T11:34:20.388305+08:00 DEBUG unnamed              cfxcore::sto - number of uncached leaf node loads 0
2020-03-24T11:34:20.388541+08:00 DEBUG unnamed              cfxcore::sto - number of db loads for uncached leaf nodes 0
2020-03-24T11:34:20.388911+08:00 DEBUG unnamed              cfxcore::sto - number of db loads for merkle computation 0
2020-03-24T11:34:20.389095+08:00 DEBUG unnamed              cfxcore::sto - number of db loads for children merkles 0
2020-03-24T11:34:20.389729+08:00 INFO  unnamed              cfxcore::sto - number of nodes committed to db 3
2020-03-24T11:34:20.458323+08:00 DEBUG IO Worker #1         network::ser - Connecting peers: 0 sessions, 0 pending + 0 started
2020-03-24T11:34:20.458412+08:00 TRACE IO Worker #3         cfxcore::syn - Timeout: timer=1
2020-03-24T11:34:20.458614+08:00 TRACE IO Worker #2         cfxcore::syn - Timeout: timer=3
2020-03-24T11:34:20.458678+08:00 TRACE IO Worker #0         cfxcore::syn - Timeout: timer=7
2020-03-24T11:34:20.458783+08:00 DEBUG IO Worker #3         cfxcore::syn - resend_timeout_requests: start
2020-03-24T11:34:20.458846+08:00 INFO  IO Worker #2         cfxcore::syn - Catch-up mode: true, latest epoch: 0
2020-03-24T11:34:20.458907+08:00 DEBUG IO Worker #3         cfxcore::syn - resend_waiting_requests: start
2020-03-24T11:34:20.760058+08:00 TRACE IO Worker #1         cfxcore::syn - Timeout: timer=0
2020-03-24T11:34:21.462017+08:00 TRACE IO Worker #2         cfxcore::syn - Timeout: timer=7
2020-03-24T11:34:21.462079+08:00 TRACE IO Worker #3         cfxcore::syn - Timeout: timer=3
2020-03-24T11:34:21.462128+08:00 TRACE IO Worker #1         cfxcore::syn - Timeout: timer=1
2020-03-24T11:34:21.462393+08:00 DEBUG IO Worker #0         network::ser - Connecting peers: 0 sessions, 0 pending + 0 started
2020-03-24T11:34:21.462472+08:00 INFO  IO Worker #3         cfxcore::syn - Catch-up mode: true, latest epoch: 0
2020-03-24T11:34:21.462637+08:00 DEBUG IO Worker #1         cfxcore::syn - resend_timeout_requests: start
2020-03-24T11:34:21.462928+08:00 DEBUG IO Worker #1         cfxcore::syn - resend_waiting_requests: start
2020-03-24T11:34:22.067150+08:00 TRACE IO Worker #2         cfxcore::syn - Timeout: timer=0
2020-03-24T11:34:22.468788+08:00 DEBUG IO Worker #0         network::ser - Connecting peers: 0 sessions, 0 pending + 0 started
2020-03-24T11:34:22.468860+08:00 TRACE IO Worker #0         cfxcore::syn - Timeout: timer=1
2020-03-24T11:34:22.468899+08:00 DEBUG IO Worker #0         cfxcore::syn - resend_timeout_requests: start
2020-03-24T11:34:22.468933+08:00 DEBUG IO Worker #0         cfxcore::syn - resend_waiting_requests: start
2020-03-24T11:34:22.469171+08:00 TRACE IO Worker #0         cfxcore::syn - Timeout: timer=3
2020-03-24T11:34:22.469327+08:00 INFO  IO Worker #0         cfxcore::syn - Catch-up mode: true, latest epoch: 0
2020-03-24T11:34:22.469365+08:00 TRACE IO Worker #0         cfxcore::syn - Timeout: timer=7
1585020863205, metrics_report_time, Gauge, 119409
1585020863205, timer, Group, {service_mio::network_poll_thread.count: 13366, service_mio::network_poll_thread.m1: 2459.46, service_mio::network_poll_thread.m5: 2629.02, service_mio::network_poll_thread.m15: 2658.39, service_mio::network_poll_thread.mean: 1336.15}
2020-03-24T11:34:23.371270+08:00 TRACE IO Worker #0         cfxcore::syn - Timeout: timer=0
2020-03-24T11:34:23.471793+08:00 TRACE IO Worker #1         cfxcore::syn - Timeout: timer=7
2020-03-24T11:34:23.471893+08:00 TRACE IO Worker #3         cfxcore::syn - Timeout: timer=3
2020-03-24T11:34:23.471970+08:00 TRACE IO Worker #2         cfxcore::syn - Timeout: timer=1
2020-03-24T11:34:23.472048+08:00 DEBUG IO Worker #0         network::ser - Connecting peers: 0 sessions, 0 pending + 0 started
2020-03-24T11:34:23.472100+08:00 INFO  IO Worker #3         cfxcore::syn - Catch-up mode: true, latest epoch: 0
2020-03-24T11:34:23.472186+08:00 DEBUG IO Worker #2         cfxcore::syn - resend_timeout_requests: start
2020-03-24T11:34:23.472251+08:00 DEBUG IO Worker #2         cfxcore::syn - resend_waiting_requests: start
2020-03-24T11:34:24.473280+08:00 DEBUG IO Worker #0         network::ser - Connecting peers: 0 sessions, 0 pending + 0 started
2020-03-24T11:34:24.473347+08:00 TRACE IO Worker #3         cfxcore::syn - Timeout: timer=1
2020-03-24T11:34:24.473425+08:00 TRACE IO Worker #1         cfxcore::syn - Timeout: timer=3
2020-03-24T11:34:24.473453+08:00 TRACE IO Worker #2         cfxcore::syn - Timeout: timer=7
2020-03-24T11:34:24.473480+08:00 DEBUG IO Worker #3         cfxcore::syn - resend_timeout_requests: start
2020-03-24T11:34:24.473509+08:00 INFO  IO Worker #1         cfxcore::syn - Catch-up mode: true, latest epoch: 0
2020-03-24T11:34:24.473568+08:00 DEBUG IO Worker #3         cfxcore::syn - resend_waiting_requests: start
2020-03-24T11:34:24.676793+08:00 TRACE IO Worker #2         cfxcore::syn - Timeout: timer=0
2020-03-24T11:34:25.378632+08:00 TRACE IO Worker #1         cfxcore::syn - Timeout: timer=4
2020-03-24T11:34:25.378705+08:00 TRACE IO Worker #3         cfxcore::syn - Timeout: timer=2
2020-03-24T11:34:25.378741+08:00 INFO  IO Worker #1         cfxcore::sta - Statistics: StatisticsInner { sync_graph: SyncGraphStatistics { inserted_block_count: 1 }, consensus_graph: ConsensusGraphStatistics { inserted_block_count: 0, processed_block_count: 0 } }
2020-03-24T11:34:25.378778+08:00 INFO  IO Worker #3         cfxcore::blo - Before gc cache_size=242 1 0 0 0
2020-03-24T11:34:25.393072+08:00 DEBUG unnamed              cfxcore::sto - node_ref_map.old_nodes_map: #elements: 0
2020-03-24T11:34:25.393140+08:00 DEBUG unnamed              cfxcore::sto - trie node cache lru: capacity 200000, size 3
2020-03-24T11:34:25.393178+08:00 DEBUG unnamed              cfxcore::sto - trie node allocator: max allowed size: 400000, configured idle_size: 200000, size: 400000, allocated: 3
2020-03-24T11:34:25.393213+08:00 DEBUG unnamed              cfxcore::sto - number of nodes loaded from db 0
2020-03-24T11:34:25.393247+08:00 DEBUG unnamed              cfxcore::sto - number of uncached leaf node loads 0
2020-03-24T11:34:25.393279+08:00 DEBUG unnamed              cfxcore::sto - number of db loads for uncached leaf nodes 0
2020-03-24T11:34:25.393485+08:00 DEBUG unnamed              cfxcore::sto - number of db loads for merkle computation 0
2020-03-24T11:34:25.393535+08:00 DEBUG unnamed              cfxcore::sto - number of db loads for children merkles 0
2020-03-24T11:34:25.393573+08:00 INFO  unnamed              cfxcore::sto - number of nodes committed to db 3
2020-03-24T11:34:25.478773+08:00 TRACE IO Worker #0         cfxcore::syn - Timeout: timer=7
2020-03-24T11:34:25.478842+08:00 TRACE IO Worker #2         cfxcore::syn - Timeout: timer=1
2020-03-24T11:34:25.478888+08:00 TRACE IO Worker #1         cfxcore::syn - Timeout: timer=3
2020-03-24T11:34:25.478951+08:00 DEBUG IO Worker #3         network::ser - Connecting peers: 0 sessions, 0 pending + 0 started
2020-03-24T11:34:25.479006+08:00 DEBUG IO Worker #2         cfxcore::syn - resend_timeout_requests: start
2020-03-24T11:34:25.479046+08:00 INFO  IO Worker #1         cfxcore::syn - Catch-up mode: true, latest epoch: 0
2020-03-24T11:34:25.479128+08:00 DEBUG IO Worker #2         cfxcore::syn - resend_waiting_requests: start
2020-03-24T11:34:25.978957+08:00 TRACE IO Worker #2         cfxcore::syn - Timeout: timer=0
1585020866210, metrics_report_time, Gauge, 135241
1585020866210, timer, Group, {service_mio::network_poll_thread.count: 13366, service_mio::network_poll_thread.m1: 2262.81, service_mio::network_poll_thread.m5: 2585.56, service_mio::network_poll_thread.m15: 2643.66, service_mio::network_poll_thread.mean: 890.89}
2020-03-24T11:34:26.480206+08:00 TRACE IO Worker #0         cfxcore::syn - Timeout: timer=3
2020-03-24T11:34:26.480322+08:00 TRACE IO Worker #1         cfxcore::syn - Timeout: timer=1
2020-03-24T11:34:26.480388+08:00 DEBUG IO Worker #3         network::ser - Connecting peers: 0 sessions, 0 pending + 0 started
2020-03-24T11:34:26.480491+08:00 TRACE IO Worker #2         cfxcore::syn - Timeout: timer=7
2020-03-24T11:34:26.480649+08:00 INFO  IO Worker #0         cfxcore::syn - Catch-up mode: true, latest epoch: 0
2020-03-24T11:34:26.480690+08:00 DEBUG IO Worker #1         cfxcore::syn - resend_timeout_requests: start
2020-03-24T11:34:26.480766+08:00 DEBUG IO Worker #1         cfxcore::syn - resend_waiting_requests: start
2020-03-24T11:34:27.281173+08:00 TRACE IO Worker #2         cfxcore::syn - Timeout: timer=0
2020-03-24T11:34:27.481414+08:00 TRACE IO Worker #3         cfxcore::syn - Timeout: timer=7
2020-03-24T11:34:27.481557+08:00 TRACE IO Worker #0         cfxcore::syn - Timeout: timer=3
2020-03-24T11:34:27.481940+08:00 TRACE IO Worker #2         cfxcore::syn - Timeout: timer=1
2020-03-24T11:34:27.482122+08:00 DEBUG IO Worker #1         network::ser - Connecting peers: 0 sessions, 0 pending + 0 started
2020-03-24T11:34:27.482409+08:00 INFO  IO Worker #0         cfxcore::syn - Catch-up mode: true, latest epoch: 0
2020-03-24T11:34:27.482562+08:00 DEBUG IO Worker #2         cfxcore::syn - resend_timeout_requests: start
2020-03-24T11:34:27.482683+08:00 DEBUG IO Worker #2         cfxcore::syn - resend_waiting_requests: start
2020-03-24T11:34:28.482722+08:00 DEBUG IO Worker #1         network::ser - Connecting peers: 0 sessions, 0 pending + 0 started
2020-03-24T11:34:28.482790+08:00 TRACE IO Worker #0         cfxcore::syn - Timeout: timer=1
2020-03-24T11:34:28.482843+08:00 TRACE IO Worker #2         cfxcore::syn - Timeout: timer=3
2020-03-24T11:34:28.483100+08:00 TRACE IO Worker #3         cfxcore::syn - Timeout: timer=7
2020-03-24T11:34:28.483255+08:00 DEBUG IO Worker #0         cfxcore::syn - resend_timeout_requests: start
2020-03-24T11:34:28.483299+08:00 INFO  IO Worker #2         cfxcore::syn - Catch-up mode: true, latest epoch: 0
2020-03-24T11:34:28.483365+08:00 DEBUG IO Worker #0         cfxcore::syn - resend_waiting_requests: start
2020-03-24T11:34:28.586376+08:00 TRACE IO Worker #1         cfxcore::syn - Timeout: timer=0
1585020869215, metrics_report_time, Gauge, 145598
1585020869215, timer, Group, {service_mio::network_poll_thread.count: 13366, service_mio::network_poll_thread.m1: 2262.81, service_mio::network_poll_thread.m5: 2585.56, service_mio::network_poll_thread.m15: 2643.66, service_mio::network_poll_thread.mean: 890.89}
2020-03-24T11:34:29.490736+08:00 TRACE IO Worker #3         cfxcore::syn - Timeout: timer=7
2020-03-24T11:34:29.490853+08:00 TRACE IO Worker #2         cfxcore::syn - Timeout: timer=3
2020-03-24T11:34:29.491116+08:00 TRACE IO Worker #0         cfxcore::syn - Timeout: timer=1
2020-03-24T11:34:29.491305+08:00 DEBUG IO Worker #1         network::ser - Connecting peers: 0 sessions, 0 pending + 0 started
2020-03-24T11:34:29.491525+08:00 INFO  IO Worker #2         cfxcore::syn - Catch-up mode: true, latest epoch: 0
2020-03-24T11:34:29.491637+08:00 DEBUG IO Worker #0         cfxcore::syn - resend_timeout_requests: start
2020-03-24T11:34:29.491718+08:00 DEBUG IO Worker #0         cfxcore::syn - resend_waiting_requests: start
2020-03-24T11:34:29.894937+08:00 TRACE IO Worker #3         cfxcore::syn - Timeout: timer=0
2020-03-24T11:34:30.395088+08:00 DEBUG unnamed              cfxcore::sto - node_ref_map.old_nodes_map: #elements: 0
2020-03-24T11:34:30.395244+08:00 DEBUG unnamed              cfxcore::sto - trie node cache lru: capacity 200000, size 3
2020-03-24T11:34:30.395300+08:00 DEBUG unnamed              cfxcore::sto - trie node allocator: max allowed size: 400000, configured idle_size: 200000, size: 400000, allocated: 3
2020-03-24T11:34:30.395618+08:00 DEBUG unnamed              cfxcore::sto - number of nodes loaded from db 0
2020-03-24T11:34:30.396118+08:00 DEBUG unnamed              cfxcore::sto - number of uncached leaf node loads 0
2020-03-24T11:34:30.396184+08:00 DEBUG unnamed              cfxcore::sto - number of db loads for uncached leaf nodes 0
2020-03-24T11:34:30.396276+08:00 DEBUG unnamed              cfxcore::sto - number of db loads for merkle computation 0
2020-03-24T11:34:30.396388+08:00 TRACE IO Worker #1         cfxcore::syn - Timeout: timer=2
2020-03-24T11:34:30.396461+08:00 TRACE IO Worker #2         cfxcore::syn - Timeout: timer=4
2020-03-24T11:34:30.396538+08:00 DEBUG unnamed              cfxcore::sto - number of db loads for children merkles 0
2020-03-24T11:34:30.396586+08:00 INFO  IO Worker #1         cfxcore::blo - Before gc cache_size=242 1 0 0 0
2020-03-24T11:34:30.396667+08:00 INFO  IO Worker #2         cfxcore::sta - Statistics: StatisticsInner { sync_graph: SyncGraphStatistics { inserted_block_count: 1 }, consensus_graph: ConsensusGraphStatistics { inserted_block_count: 0, processed_block_count: 0 } }
2020-03-24T11:34:30.396711+08:00 INFO  unnamed              cfxcore::sto - number of nodes committed to db 3
2020-03-24T11:34:30.496999+08:00 DEBUG IO Worker #0         network::ser - Connecting peers: 0 sessions, 0 pending + 0 started
2020-03-24T11:34:30.497065+08:00 TRACE IO Worker #3         cfxcore::syn - Timeout: timer=1
2020-03-24T11:34:30.497114+08:00 TRACE IO Worker #1         cfxcore::syn - Timeout: timer=3
2020-03-24T11:34:30.497152+08:00 TRACE IO Worker #2         cfxcore::syn - Timeout: timer=7
2020-03-24T11:34:30.497176+08:00 INFO  IO Worker #1         cfxcore::syn - Catch-up mode: true, latest epoch: 0
2020-03-24T11:34:30.497214+08:00 DEBUG IO Worker #3         cfxcore::syn - resend_timeout_requests: start
2020-03-24T11:34:30.497252+08:00 DEBUG IO Worker #3         cfxcore::syn - resend_waiting_requests: start
2020-03-24T11:34:31.198086+08:00 TRACE IO Worker #0         cfxcore::syn - Timeout: timer=0
2020-03-24T11:34:31.500587+08:00 TRACE IO Worker #0         cfxcore::syn - Timeout: timer=7
2020-03-24T11:34:31.500699+08:00 TRACE IO Worker #2         cfxcore::syn - Timeout: timer=3
2020-03-24T11:34:31.500732+08:00 TRACE IO Worker #1         cfxcore::syn - Timeout: timer=1
2020-03-24T11:34:31.500796+08:00 DEBUG IO Worker #0         network::ser - Connecting peers: 0 sessions, 0 pending + 0 started
2020-03-24T11:34:31.500824+08:00 INFO  IO Worker #2         cfxcore::syn - Catch-up mode: true, latest epoch: 0
2020-03-24T11:34:31.500865+08:00 DEBUG IO Worker #1         cfxcore::syn - resend_timeout_requests: start
2020-03-24T11:34:31.500895+08:00 DEBUG IO Worker #1         cfxcore::syn - resend_waiting_requests: start
1585020872227, metrics_report_time, Gauge, 8321312
1585020872227, timer, Group, {service_mio::network_poll_thread.count: 13366, service_mio::network_poll_thread.m1: 2081.89, service_mio::network_poll_thread.m5: 2542.83, service_mio::network_poll_thread.m15: 2629.02, service_mio::network_poll_thread.mean: 668.23}
2020-03-24T11:34:32.505624+08:00 TRACE IO Worker #0         cfxcore::syn - Timeout: timer=1
2020-03-24T11:34:32.505680+08:00 TRACE IO Worker #2         cfxcore::syn - Timeout: timer=3
2020-03-24T11:34:32.505725+08:00 DEBUG IO Worker #3         network::ser - Connecting peers: 0 sessions, 0 pending + 0 started
2020-03-24T11:34:32.505759+08:00 TRACE IO Worker #1         cfxcore::syn - Timeout: timer=7
2020-03-24T11:34:32.505835+08:00 DEBUG IO Worker #0         cfxcore::syn - resend_timeout_requests: start
2020-03-24T11:34:32.505869+08:00 INFO  IO Worker #2         cfxcore::syn - Catch-up mode: true, latest epoch: 0
2020-03-24T11:34:32.505897+08:00 TRACE IO Worker #3         cfxcore::syn - Timeout: timer=0
2020-03-24T11:34:32.505948+08:00 DEBUG IO Worker #0         cfxcore::syn - resend_waiting_requests: start
2020-03-24T11:34:33.507547+08:00 TRACE IO Worker #2         cfxcore::syn - Timeout: timer=7
2020-03-24T11:34:33.507607+08:00 TRACE IO Worker #0         cfxcore::syn - Timeout: timer=3
2020-03-24T11:34:33.507639+08:00 TRACE IO Worker #1         cfxcore::syn - Timeout: timer=1
2020-03-24T11:34:33.507667+08:00 DEBUG IO Worker #2         network::ser - Connecting peers: 0 sessions, 0 pending + 0 started
2020-03-24T11:34:33.507693+08:00 INFO  IO Worker #0         cfxcore::syn - Catch-up mode: true, latest epoch: 0
2020-03-24T11:34:33.507774+08:00 DEBUG IO Worker #1         cfxcore::syn - resend_timeout_requests: start
2020-03-24T11:34:33.507813+08:00 DEBUG IO Worker #1         cfxcore::syn - resend_waiting_requests: start
2020-03-24T11:34:33.810229+08:00 TRACE IO Worker #3         cfxcore::syn - Timeout: timer=0
2020-03-24T11:34:34.512448+08:00 DEBUG IO Worker #2         network::ser - Connecting peers: 0 sessions, 0 pending + 0 started
2020-03-24T11:34:34.512510+08:00 TRACE IO Worker #3         cfxcore::syn - Timeout: timer=1
2020-03-24T11:34:34.512589+08:00 TRACE IO Worker #1         cfxcore::syn - Timeout: timer=3
2020-03-24T11:34:34.512637+08:00 TRACE IO Worker #0         cfxcore::syn - Timeout: timer=7
2020-03-24T11:34:34.512664+08:00 DEBUG IO Worker #3         cfxcore::syn - resend_timeout_requests: start
2020-03-24T11:34:34.512697+08:00 INFO  IO Worker #1         cfxcore::syn - Catch-up mode: true, latest epoch: 0
2020-03-24T11:34:34.512722+08:00 DEBUG IO Worker #3         cfxcore::syn - resend_waiting_requests: start
2020-03-24T11:34:35.114666+08:00 TRACE IO Worker #0         cfxcore::syn - Timeout: timer=0
1585020875228, metrics_report_time, Gauge, 124841
1585020875228, timer, Group, {service_mio::network_poll_thread.count: 13366, service_mio::network_poll_thread.m1: 2081.89, service_mio::network_poll_thread.m5: 2542.83, service_mio::network_poll_thread.m15: 2629.02, service_mio::network_poll_thread.mean: 668.23}
2020-03-24T11:34:35.397211+08:00 DEBUG unnamed              cfxcore::sto - node_ref_map.old_nodes_map: #elements: 0
2020-03-24T11:34:35.397278+08:00 DEBUG unnamed              cfxcore::sto - trie node cache lru: capacity 200000, size 3
2020-03-24T11:34:35.397314+08:00 DEBUG unnamed              cfxcore::sto - trie node allocator: max allowed size: 400000, configured idle_size: 200000, size: 400000, allocated: 3
2020-03-24T11:34:35.397347+08:00 DEBUG unnamed              cfxcore::sto - number of nodes loaded from db 0
2020-03-24T11:34:35.397378+08:00 DEBUG unnamed              cfxcore::sto - number of uncached leaf node loads 0
2020-03-24T11:34:35.397482+08:00 DEBUG unnamed              cfxcore::sto - number of db loads for uncached leaf nodes 0
2020-03-24T11:34:35.397524+08:00 DEBUG unnamed              cfxcore::sto - number of db loads for merkle computation 0
2020-03-24T11:34:35.397554+08:00 DEBUG unnamed              cfxcore::sto - number of db loads for children merkles 0
2020-03-24T11:34:35.397582+08:00 INFO  unnamed              cfxcore::sto - number of nodes committed to db 3
2020-03-24T11:34:35.416312+08:00 TRACE IO Worker #1         cfxcore::syn - Timeout: timer=2
2020-03-24T11:34:35.416378+08:00 INFO  IO Worker #1         cfxcore::blo - Before gc cache_size=242 1 0 0 0
2020-03-24T11:34:35.416409+08:00 TRACE IO Worker #2         cfxcore::syn - Timeout: timer=4
2020-03-24T11:34:35.416447+08:00 INFO  IO Worker #2         cfxcore::sta - Statistics: StatisticsInner { sync_graph: SyncGraphStatistics { inserted_block_count: 1 }, consensus_graph: ConsensusGraphStatistics { inserted_block_count: 0, processed_block_count: 0 } }
2020-03-24T11:34:35.517237+08:00 TRACE IO Worker #3         cfxcore::syn - Timeout: timer=7
2020-03-24T11:34:35.517296+08:00 TRACE IO Worker #0         cfxcore::syn - Timeout: timer=3
2020-03-24T11:34:35.517330+08:00 TRACE IO Worker #1         cfxcore::syn - Timeout: timer=1
2020-03-24T11:34:35.517360+08:00 DEBUG IO Worker #2         network::ser - Connecting peers: 0 sessions, 0 pending + 0 started
2020-03-24T11:34:35.517387+08:00 INFO  IO Worker #0         cfxcore::syn - Catch-up mode: true, latest epoch: 0
2020-03-24T11:34:35.517420+08:00 DEBUG IO Worker #1         cfxcore::syn - resend_timeout_requests: start
2020-03-24T11:34:35.517457+08:00 DEBUG IO Worker #1         cfxcore::syn - resend_waiting_requests: start
2020-03-24T11:34:36.418082+08:00 TRACE IO Worker #2         cfxcore::syn - Timeout: timer=0
2020-03-24T11:34:36.519219+08:00 DEBUG IO Worker #0         network::ser - Connecting peers: 0 sessions, 0 pending + 0 started
2020-03-24T11:34:36.519342+08:00 TRACE IO Worker #2         cfxcore::syn - Timeout: timer=1
2020-03-24T11:34:36.519438+08:00 TRACE IO Worker #3         cfxcore::syn - Timeout: timer=3
2020-03-24T11:34:36.519533+08:00 TRACE IO Worker #1         cfxcore::syn - Timeout: timer=7
2020-03-24T11:34:36.519604+08:00 DEBUG IO Worker #2         cfxcore::syn - resend_timeout_requests: start
2020-03-24T11:34:36.519681+08:00 INFO  IO Worker #3         cfxcore::syn - Catch-up mode: true, latest epoch: 0
2020-03-24T11:34:36.519746+08:00 DEBUG IO Worker #2         cfxcore::syn - resend_waiting_requests: start
2020-03-24T11:34:37.524478+08:00 TRACE IO Worker #0         cfxcore::syn - Timeout: timer=7
2020-03-24T11:34:37.524594+08:00 TRACE IO Worker #1         cfxcore::syn - Timeout: timer=3
2020-03-24T11:34:37.524667+08:00 TRACE IO Worker #3         cfxcore::syn - Timeout: timer=1
2020-03-24T11:34:37.524759+08:00 DEBUG IO Worker #2         network::ser - Connecting peers: 0 sessions, 0 pending + 0 started
2020-03-24T11:34:37.524859+08:00 INFO  IO Worker #1         cfxcore::syn - Catch-up mode: true, latest epoch: 0
2020-03-24T11:34:37.524936+08:00 DEBUG IO Worker #3         cfxcore::syn - resend_timeout_requests: start
2020-03-24T11:34:37.525077+08:00 DEBUG IO Worker #3         cfxcore::syn - resend_waiting_requests: start
2020-03-24T11:34:37.729747+08:00 TRACE IO Worker #0         cfxcore::syn - Timeout: timer=0
1585020878230, metrics_report_time, Gauge, 155211
1585020878230, timer, Group, {service_mio::network_poll_thread.count: 13366, service_mio::network_poll_thread.m1: 1915.43, service_mio::network_poll_thread.m5: 2500.80, service_mio::network_poll_thread.m15: 2614.45, service_mio::network_poll_thread.mean: 534.62}
2020-03-24T11:34:38.530616+08:00 DEBUG IO Worker #1         network::ser - Connecting peers: 0 sessions, 0 pending + 0 started
2020-03-24T11:34:38.530733+08:00 TRACE IO Worker #2         cfxcore::syn - Timeout: timer=1
2020-03-24T11:34:38.530832+08:00 TRACE IO Worker #0         cfxcore::syn - Timeout: timer=3
2020-03-24T11:34:38.531010+08:00 TRACE IO Worker #3         cfxcore::syn - Timeout: timer=7
2020-03-24T11:34:38.531190+08:00 DEBUG IO Worker #2         cfxcore::syn - resend_timeout_requests: start
2020-03-24T11:34:38.531431+08:00 INFO  IO Worker #0         cfxcore::syn - Catch-up mode: true, latest epoch: 0
2020-03-24T11:34:38.531516+08:00 DEBUG IO Worker #2         cfxcore::syn - resend_waiting_requests: start
2020-03-24T11:34:39.030812+08:00 TRACE IO Worker #1         cfxcore::syn - Timeout: timer=0
2020-03-24T11:34:39.536154+08:00 TRACE IO Worker #3         cfxcore::syn - Timeout: timer=7
2020-03-24T11:34:39.536251+08:00 TRACE IO Worker #2         cfxcore::syn - Timeout: timer=3
2020-03-24T11:34:39.536327+08:00 TRACE IO Worker #1         cfxcore::syn - Timeout: timer=1
2020-03-24T11:34:39.536423+08:00 DEBUG IO Worker #0         network::ser - Connecting peers: 0 sessions, 0 pending + 0 started
2020-03-24T11:34:39.536506+08:00 INFO  IO Worker #2         cfxcore::syn - Catch-up mode: true, latest epoch: 0
2020-03-24T11:34:39.536599+08:00 DEBUG IO Worker #1         cfxcore::syn - resend_timeout_requests: start
2020-03-24T11:34:39.536712+08:00 DEBUG IO Worker #1         cfxcore::syn - resend_waiting_requests: start
2020-03-24T11:34:40.339363+08:00 TRACE IO Worker #0         cfxcore::syn - Timeout: timer=0
2020-03-24T11:34:40.399449+08:00 DEBUG unnamed              cfxcore::sto - node_ref_map.old_nodes_map: #elements: 0
2020-03-24T11:34:40.399542+08:00 DEBUG unnamed              cfxcore::sto - trie node cache lru: capacity 200000, size 3
2020-03-24T11:34:40.399591+08:00 DEBUG unnamed              cfxcore::sto - trie node allocator: max allowed size: 400000, configured idle_size: 200000, size: 400000, allocated: 3
2020-03-24T11:34:40.399692+08:00 DEBUG unnamed              cfxcore::sto - number of nodes loaded from db 0
2020-03-24T11:34:40.399801+08:00 DEBUG unnamed              cfxcore::sto - number of uncached leaf node loads 0
2020-03-24T11:34:40.399879+08:00 DEBUG unnamed              cfxcore::sto - number of db loads for uncached leaf nodes 0
2020-03-24T11:34:40.399954+08:00 DEBUG unnamed              cfxcore::sto - number of db loads for merkle computation 0
2020-03-24T11:34:40.400050+08:00 DEBUG unnamed              cfxcore::sto - number of db loads for children merkles 0
2020-03-24T11:34:40.400144+08:00 INFO  unnamed              cfxcore::sto - number of nodes committed to db 3
2020-03-24T11:34:40.442259+08:00 TRACE IO Worker #1         cfxcore::syn - Timeout: timer=2
2020-03-24T11:34:40.442381+08:00 TRACE IO Worker #2         cfxcore::syn - Timeout: timer=4
2020-03-24T11:34:40.442551+08:00 TRACE IO Worker #3         cfxcore::syn - Timeout: timer=9
2020-03-24T11:34:40.442696+08:00 INFO  IO Worker #1         cfxcore::blo - Before gc cache_size=242 1 0 0 0
2020-03-24T11:34:40.442779+08:00 INFO  IO Worker #2         cfxcore::sta - Statistics: StatisticsInner { sync_graph: SyncGraphStatistics { inserted_block_count: 1 }, consensus_graph: ConsensusGraphStatistics { inserted_block_count: 0, processed_block_count: 0 } }
2020-03-24T11:34:40.442917+08:00 DEBUG IO Worker #3         cfxcore::syn - Broadcasting status message: Status { protocol_version: 1, genesis_hash: 0x2da120ad267319c181b12136f9e36be9fba59e0d818f6cc789f04ee937b4f593, best_epoch: 0, terminal_block_hashes: [0x2da120ad267319c181b12136f9e36be9fba59e0d818f6cc789f04ee937b4f593] }
2020-03-24T11:34:40.543556+08:00 DEBUG IO Worker #0         network::ser - Connecting peers: 0 sessions, 0 pending + 0 started
2020-03-24T11:34:40.543659+08:00 TRACE IO Worker #1         cfxcore::syn - Timeout: timer=1
2020-03-24T11:34:40.543723+08:00 TRACE IO Worker #3         cfxcore::syn - Timeout: timer=7
2020-03-24T11:34:40.543795+08:00 TRACE IO Worker #2         cfxcore::syn - Timeout: timer=3
2020-03-24T11:34:40.543863+08:00 DEBUG IO Worker #1         cfxcore::syn - resend_timeout_requests: start
2020-03-24T11:34:40.543925+08:00 INFO  IO Worker #2         cfxcore::syn - Catch-up mode: true, latest epoch: 0
2020-03-24T11:34:40.543986+08:00 DEBUG IO Worker #1         cfxcore::syn - resend_waiting_requests: start
1585020881231, metrics_report_time, Gauge, 161424
1585020881231, timer, Group, {service_mio::network_poll_thread.count: 13366, service_mio::network_poll_thread.m1: 1762.28, service_mio::network_poll_thread.m5: 2459.46, service_mio::network_poll_thread.m15: 2599.97, service_mio::network_poll_thread.mean: 445.51}
2020-03-24T11:34:41.544740+08:00 TRACE IO Worker #3         cfxcore::syn - Timeout: timer=7
2020-03-24T11:34:41.544892+08:00 TRACE IO Worker #1         cfxcore::syn - Timeout: timer=3
2020-03-24T11:34:41.544971+08:00 TRACE IO Worker #0         cfxcore::syn - Timeout: timer=1
2020-03-24T11:34:41.545034+08:00 DEBUG IO Worker #3         network::ser - Connecting peers: 0 sessions, 0 pending + 0 started
2020-03-24T11:34:41.545175+08:00 INFO  IO Worker #1         cfxcore::syn - Catch-up mode: true, latest epoch: 0
2020-03-24T11:34:41.545277+08:00 DEBUG IO Worker #0         cfxcore::syn - resend_timeout_requests: start
2020-03-24T11:34:41.545467+08:00 DEBUG IO Worker #0         cfxcore::syn - resend_waiting_requests: start
2020-03-24T11:34:41.646452+08:00 TRACE IO Worker #2         cfxcore::syn - Timeout: timer=0
2020-03-24T11:34:42.546759+08:00 TRACE IO Worker #3         cfxcore::syn - Timeout: timer=1
2020-03-24T11:34:42.546866+08:00 TRACE IO Worker #1         cfxcore::syn - Timeout: timer=3
2020-03-24T11:34:42.546942+08:00 TRACE IO Worker #2         cfxcore::syn - Timeout: timer=7
2020-03-24T11:34:42.547058+08:00 DEBUG IO Worker #0         network::ser - Connecting peers: 0 sessions, 0 pending + 0 started
2020-03-24T11:34:42.547258+08:00 DEBUG IO Worker #3         cfxcore::syn - resend_timeout_requests: start
2020-03-24T11:34:42.547333+08:00 INFO  IO Worker #1         cfxcore::syn - Catch-up mode: true, latest epoch: 0
2020-03-24T11:34:42.547512+08:00 DEBUG IO Worker #3         cfxcore::syn - resend_waiting_requests: start
2020-03-24T11:34:42.951852+08:00 TRACE IO Worker #2         cfxcore::syn - Timeout: timer=0
2020-03-24T11:34:43.555719+08:00 TRACE IO Worker #2         cfxcore::syn - Timeout: timer=7
2020-03-24T11:34:43.555788+08:00 TRACE IO Worker #3         cfxcore::syn - Timeout: timer=3
2020-03-24T11:34:43.555856+08:00 TRACE IO Worker #0         cfxcore::syn - Timeout: timer=1
2020-03-24T11:34:43.555914+08:00 DEBUG IO Worker #1         network::ser - Connecting peers: 0 sessions, 0 pending + 0 started
2020-03-24T11:34:43.555972+08:00 INFO  IO Worker #3         cfxcore::syn - Catch-up mode: true, latest epoch: 0
2020-03-24T11:34:43.556043+08:00 DEBUG IO Worker #0         cfxcore::syn - resend_timeout_requests: start
2020-03-24T11:34:43.556178+08:00 DEBUG IO Worker #0         cfxcore::syn - resend_waiting_requests: start
1585020884232, metrics_report_time, Gauge, 251134
1585020884232, timer, Group, {service_mio::network_poll_thread.count: 13366, service_mio::network_poll_thread.m1: 1762.28, service_mio::network_poll_thread.m5: 2459.46, service_mio::network_poll_thread.m15: 2599.97, service_mio::network_poll_thread.mean: 445.51}
1585020887232, metrics_report_time, Gauge, 126279
1585020887232, timer, Group, {service_mio::network_poll_thread.count: 13366, service_mio::network_poll_thread.m1: 1621.38, service_mio::network_poll_thread.m5: 2418.81, service_mio::network_poll_thread.m15: 2585.56, service_mio::network_poll_thread.mean: 381.88}
2020-03-24T11:34:48.842956+08:00 WARN  main                 client::arch - Shutdown is taking longer than expected.
1585020890232, metrics_report_time, Gauge, 253591
1585020890232, timer, Group, {service_mio::network_poll_thread.count: 13366, service_mio::network_poll_thread.m1: 1621.38, service_mio::network_poll_thread.m5: 2418.81, service_mio::network_poll_thread.m15: 2585.56, service_mio::network_poll_thread.mean: 381.88}
1585020893235, metrics_report_time, Gauge, 118039
1585020893235, timer, Group, {service_mio::network_poll_thread.count: 13366, service_mio::network_poll_thread.m1: 1491.74, service_mio::network_poll_thread.m5: 2378.83, service_mio::network_poll_thread.m15: 2571.24, service_mio::network_poll_thread.mean: 334.10}
